[debug] [2024-04-28T02:02:00.178Z] ----------------------------------------------------------------------
[debug] [2024-04-28T02:02:00.182Z] Command:       C:\Program Files\nodejs\node.exe C:\Users\Flia. Galeano\AppData\Roaming\npm\node_modules\firebase-tools\lib\bin\firebase.js deploy --only hosting
[debug] [2024-04-28T02:02:00.182Z] CLI Version:   13.7.5
[debug] [2024-04-28T02:02:00.182Z] Platform:      win32
[debug] [2024-04-28T02:02:00.183Z] Node Version:  v20.12.2
[debug] [2024-04-28T02:02:00.183Z] Time:          Sat Apr 27 2024 23:02:00 GMT-0300 (hora estándar de Argentina)
[debug] [2024-04-28T02:02:00.183Z] ----------------------------------------------------------------------
[debug] 
[debug] [2024-04-28T02:02:00.187Z] >>> [apiv2][query] GET https://firebase-public.firebaseio.com/cli.json [none]
[debug] [2024-04-28T02:02:00.336Z] > command requires scopes: ["email","openid","https://www.googleapis.com/auth/cloudplatformprojects.readonly","https://www.googleapis.com/auth/firebase","https://www.googleapis.com/auth/cloud-platform"]
[debug] [2024-04-28T02:02:00.336Z] > authorizing via signed-in user (florgal2001@gmail.com)
[debug] [2024-04-28T02:02:00.336Z] [iam] checking project tp-sala-de-juegos-e4119 for permissions ["firebase.projects.get","firebasehosting.sites.update"]
[debug] [2024-04-28T02:02:00.338Z] > refreshing access token with scopes: []
[debug] [2024-04-28T02:02:00.339Z] >>> [apiv2][query] POST https://www.googleapis.com/oauth2/v3/token [none]
[debug] [2024-04-28T02:02:00.339Z] >>> [apiv2][body] POST https://www.googleapis.com/oauth2/v3/token [omitted]
[debug] [2024-04-28T02:02:00.463Z] <<< [apiv2][status] POST https://www.googleapis.com/oauth2/v3/token 200
[debug] [2024-04-28T02:02:00.463Z] <<< [apiv2][body] POST https://www.googleapis.com/oauth2/v3/token [omitted]
[debug] [2024-04-28T02:02:00.479Z] >>> [apiv2][query] POST https://cloudresourcemanager.googleapis.com/v1/projects/tp-sala-de-juegos-e4119:testIamPermissions [none]
[debug] [2024-04-28T02:02:00.480Z] >>> [apiv2][(partial)header] POST https://cloudresourcemanager.googleapis.com/v1/projects/tp-sala-de-juegos-e4119:testIamPermissions x-goog-quota-user=projects/tp-sala-de-juegos-e4119
[debug] [2024-04-28T02:02:00.480Z] >>> [apiv2][body] POST https://cloudresourcemanager.googleapis.com/v1/projects/tp-sala-de-juegos-e4119:testIamPermissions {"permissions":["firebase.projects.get","firebasehosting.sites.update"]}
[debug] [2024-04-28T02:02:00.686Z] <<< [apiv2][status] GET https://firebase-public.firebaseio.com/cli.json 200
[debug] [2024-04-28T02:02:00.686Z] <<< [apiv2][body] GET https://firebase-public.firebaseio.com/cli.json {"cloudBuildErrorAfter":1594252800000,"cloudBuildWarnAfter":1590019200000,"defaultNode10After":1594252800000,"minVersion":"3.0.5","node8DeploysDisabledAfter":1613390400000,"node8RuntimeDisabledAfter":1615809600000,"node8WarnAfter":1600128000000}
[debug] [2024-04-28T02:02:01.341Z] <<< [apiv2][status] POST https://cloudresourcemanager.googleapis.com/v1/projects/tp-sala-de-juegos-e4119:testIamPermissions 200
[debug] [2024-04-28T02:02:01.341Z] <<< [apiv2][body] POST https://cloudresourcemanager.googleapis.com/v1/projects/tp-sala-de-juegos-e4119:testIamPermissions {"permissions":["firebase.projects.get","firebasehosting.sites.update"]}
[debug] [2024-04-28T02:02:01.342Z] >>> [apiv2][query] GET https://firebase.googleapis.com/v1beta1/projects/tp-sala-de-juegos-e4119 [none]
